[2022-05-02 09:45:01] [info] Start Program:
Path:"C:\Users\vladb\source\repos\Lab10_11oop\x64\Debug\Lab10_11oop.exe"
Arguments:
Working directory: "C:\Users\vladb\source\repos\Lab10_11oop\Lab10_11oop\"
Modules: Selected: C:\Users\vladb\source\repos\Lab10_11oop\x64\Debug\Lab10_11oop.exe Excluded: 
Sources: Selected: C:\Users\vladb\source\repos\Lab10_11oop\Lab10_11oop Excluded: Gui.cpp 
Log Level: Normal
Cover Children: 0
Aggregate by file: 1
Continue after C++ exception: 0
Optimized build support: 0
Export: Binary C:\Users\vladb\AppData\Local\Temp\5q1lvbjk.la5 
Input coverage: 
Unified diff: 
Excluded line regular expressions: 
Substitute pdb source paths: 

[2022-05-02 09:45:01] [info] Module: C:\Users\vladb\source\repos\Lab10_11oop\x64\Debug\Lab10_11oop.exe is selected because it matches selected pattern: C:\Users\vladb\source\repos\Lab10_11oop\x64\Debug\Lab10_11oop.exe
[2022-05-02 09:45:01] [info] ----------------------------------------------------
[2022-05-02 09:45:01] [info] Coverage binary generated in file: C:\Users\vladb\AppData\Local\Temp\5q1lvbjk.la5
[2022-05-02 09:45:01] [info] ----------------------------------------------------
[2022-05-02 09:45:01] [error] Your program stop with error code: -1073741515
