08 Apr 2023 13:02:59,187 INFO  com.example.temampp.repositoryes.ArtistRepo 22 <init> - "Initializing ArtistRepo with properties: {} "
08 Apr 2023 13:02:59,189 INFO  com.example.temampp.repositoryes.BuyerRepo 17 <init> - "Initializing BuyerRepo with properties: {} "
08 Apr 2023 13:02:59,190 INFO  com.example.temampp.repositoryes.EmployeeRepo 22 <init> - "Initializing EmployeeRepo with properties: {} "
08 Apr 2023 13:02:59,191 INFO  com.example.temampp.repositoryes.ShowRepository 20 <init> - "Initializing ShowRepo with properties: {} "
08 Apr 2023 13:03:06,463 TRACE com.example.temampp.repositoryes.EmployeeRepo 27 logIn - Enter log in
08 Apr 2023 13:03:06,464 TRACE com.example.temampp.repositoryes.EmployeeRepo 28 logIn - Exit
08 Apr 2023 13:03:06,465 TRACE com.example.temampp.repositoryes.EmployeeRepo 40 findOneByEmailAndPassword - Enter find one by email and password gigel@yahoo.com 1234
08 Apr 2023 13:03:06,705 TRACE com.example.temampp.repositoryes.EmployeeRepo 40 findOneByEmailAndPassword - Enter find one by email and password gigel@yahoo.com 1234
08 Apr 2023 13:03:06,764 INFO  com.example.temampp.repositoryes.ArtistRepo 22 <init> - "Initializing ArtistRepo with properties: {} "
08 Apr 2023 13:03:06,764 INFO  com.example.temampp.repositoryes.BuyerRepo 17 <init> - "Initializing BuyerRepo with properties: {} "
08 Apr 2023 13:03:06,764 INFO  com.example.temampp.repositoryes.EmployeeRepo 22 <init> - "Initializing EmployeeRepo with properties: {} "
08 Apr 2023 13:03:06,765 INFO  com.example.temampp.repositoryes.ShowRepository 20 <init> - "Initializing ShowRepo with properties: {} "
08 Apr 2023 13:03:06,765 TRACE com.example.temampp.repositoryes.ShowRepository 77 findAll - Enter find all
08 Apr 2023 13:03:06,799 TRACE com.example.temampp.repositoryes.ShowRepository 98 findAll - Exit
08 Apr 2023 13:03:11,023 INFO  com.example.temampp.repositoryes.ArtistRepo 22 <init> - "Initializing ArtistRepo with properties: {} "
08 Apr 2023 13:03:11,024 INFO  com.example.temampp.repositoryes.BuyerRepo 17 <init> - "Initializing BuyerRepo with properties: {} "
08 Apr 2023 13:03:11,024 INFO  com.example.temampp.repositoryes.EmployeeRepo 22 <init> - "Initializing EmployeeRepo with properties: {} "
08 Apr 2023 13:03:11,024 INFO  com.example.temampp.repositoryes.ShowRepository 20 <init> - "Initializing ShowRepo with properties: {} "
08 Apr 2023 13:03:14,861 TRACE com.example.temampp.repositoryes.ShowRepository 52 findOne - Enter find one dafsdf
08 Apr 2023 13:03:14,894 TRACE com.example.temampp.repositoryes.ShowRepository 143 update - Enter update Show{showName='dafsdf', artistName='kkk', date=2023-03-24, placeOfShow='adsfsdf', noTicketsAvailable=3325, noTicketsSold=8}
08 Apr 2023 13:03:14,928 TRACE com.example.temampp.repositoryes.ShowRepository 159 update - Exit
08 Apr 2023 13:03:14,928 TRACE com.example.temampp.repositoryes.BuyerRepo 23 sellTicketsToShow - Enter sell tickets dafsdf hsdgfd 2
08 Apr 2023 13:03:14,955 TRACE com.example.temampp.repositoryes.BuyerRepo 36 sellTicketsToShow - Exit
08 Apr 2023 13:03:16,008 INFO  com.example.temampp.repositoryes.ArtistRepo 22 <init> - "Initializing ArtistRepo with properties: {} "
08 Apr 2023 13:03:16,008 INFO  com.example.temampp.repositoryes.BuyerRepo 17 <init> - "Initializing BuyerRepo with properties: {} "
08 Apr 2023 13:03:16,009 INFO  com.example.temampp.repositoryes.EmployeeRepo 22 <init> - "Initializing EmployeeRepo with properties: {} "
08 Apr 2023 13:03:16,009 INFO  com.example.temampp.repositoryes.ShowRepository 20 <init> - "Initializing ShowRepo with properties: {} "
08 Apr 2023 13:03:16,009 TRACE com.example.temampp.repositoryes.ShowRepository 77 findAll - Enter find all
08 Apr 2023 13:03:16,036 TRACE com.example.temampp.repositoryes.ShowRepository 98 findAll - Exit
08 Apr 2023 13:03:23,052 INFO  com.example.temampp.repositoryes.ArtistRepo 22 <init> - "Initializing ArtistRepo with properties: {} "
08 Apr 2023 13:03:23,052 INFO  com.example.temampp.repositoryes.BuyerRepo 17 <init> - "Initializing BuyerRepo with properties: {} "
08 Apr 2023 13:03:23,052 INFO  com.example.temampp.repositoryes.EmployeeRepo 22 <init> - "Initializing EmployeeRepo with properties: {} "
08 Apr 2023 13:03:23,053 INFO  com.example.temampp.repositoryes.ShowRepository 20 <init> - "Initializing ShowRepo with properties: {} "
