22 Mar 2023 12:13:33,398 INFO  com.example.temampp.repositoryes.EmployeeRepo 23 <init> - "Initializing EmployeeRepo with properties: {} "
22 Mar 2023 12:13:33,401 TRACE com.example.temampp.repositoryes.EmployeeRepo 64 findOne - Enter find one 1
22 Mar 2023 12:13:33,779 TRACE com.example.temampp.repositoryes.EmployeeRepo 112 add - Enter add EmployeeAtOffice{id=2, name='djshfs', email='dsjh@yahoo.com', password='hffaf'}
22 Mar 2023 12:13:33,821 TRACE com.example.temampp.repositoryes.EmployeeRepo 127 add - Exit
22 Mar 2023 12:13:33,821 TRACE com.example.temampp.repositoryes.EmployeeRepo 87 findAll - Enter find all
22 Mar 2023 12:13:33,860 TRACE com.example.temampp.repositoryes.EmployeeRepo 106 findAll - Exit
22 Mar 2023 12:13:33,860 TRACE com.example.temampp.repositoryes.EmployeeRepo 133 delete - Enter delete 2
22 Mar 2023 12:13:33,897 TRACE com.example.temampp.repositoryes.EmployeeRepo 145 delete - Exit
22 Mar 2023 12:13:33,897 TRACE com.example.temampp.repositoryes.EmployeeRepo 64 findOne - Enter find one 2
22 Mar 2023 12:13:33,935 TRACE com.example.temampp.repositoryes.EmployeeRepo 81 findOne - Exit
22 Mar 2023 12:13:33,936 INFO  com.example.temampp.repositoryes.ArtistRepo 22 <init> - "Initializing ArtistRepo with properties: {} "
22 Mar 2023 12:13:33,937 TRACE com.example.temampp.repositoryes.ArtistRepo 73 add - Enter add Artist{name='sdsd', stageName='sjkdgfs', age=44}
22 Mar 2023 12:13:33,971 TRACE com.example.temampp.repositoryes.ArtistRepo 86 add - Exit
22 Mar 2023 12:13:33,971 TRACE com.example.temampp.repositoryes.ArtistRepo 50 findAll - Enter find all
22 Mar 2023 12:13:34,005 TRACE com.example.temampp.repositoryes.ArtistRepo 67 findAll - Exit
22 Mar 2023 12:13:34,005 TRACE com.example.temampp.repositoryes.ArtistRepo 92 delete - Enter delete sjkdgfs
22 Mar 2023 12:13:34,040 TRACE com.example.temampp.repositoryes.ArtistRepo 103 delete - Exit
22 Mar 2023 12:13:34,040 TRACE com.example.temampp.repositoryes.ArtistRepo 28 findOne - Enter find one sjkdgfs
22 Mar 2023 12:13:34,076 TRACE com.example.temampp.repositoryes.ArtistRepo 44 findOne - Exit
22 Mar 2023 12:13:34,078 INFO  com.example.temampp.repositoryes.ShowRepository 22 <init> - "Initializing ShowRepo with properties: {} "
22 Mar 2023 12:13:34,088 TRACE com.example.temampp.repositoryes.ShowRepository 102 add - Enter save Show{showName='sidug', artistName='sjkdgfs', date=2023-03-22, placeOfShow='jegef', noTicketsAvailable=341234, noTicketsSold=33}
22 Mar 2023 12:13:34,122 TRACE com.example.temampp.repositoryes.ShowRepository 118 add - Exit
22 Mar 2023 12:13:34,122 TRACE com.example.temampp.repositoryes.ShowRepository 75 findAll - Enter find all
22 Mar 2023 12:13:34,159 TRACE com.example.temampp.repositoryes.ShowRepository 96 findAll - Exit
22 Mar 2023 12:13:34,159 TRACE com.example.temampp.repositoryes.ShowRepository 124 delete - Enter delete sidug
22 Mar 2023 12:13:34,195 TRACE com.example.temampp.repositoryes.ShowRepository 135 delete - Exit
22 Mar 2023 12:13:34,195 TRACE com.example.temampp.repositoryes.ShowRepository 50 findOne - Enter find one sidug
22 Mar 2023 12:13:34,228 TRACE com.example.temampp.repositoryes.ShowRepository 69 findOne - Exit
22 Mar 2023 12:13:34,229 INFO  com.example.temampp.repositoryes.BuyerRepo 17 <init> - "Initializing BuyerRepo with properties: {} "
22 Mar 2023 12:13:34,229 TRACE com.example.temampp.repositoryes.BuyerRepo 23 sellTicketsToShow - Enter sell tickets sidug jfhguis 44
22 Mar 2023 12:13:34,264 TRACE com.example.temampp.repositoryes.BuyerRepo 36 sellTicketsToShow - Exit
22 Mar 2023 12:57:12,513 INFO  com.example.temampp.repositoryes.EmployeeRepo 23 <init> - "Initializing EmployeeRepo with properties: {} "
22 Mar 2023 12:57:12,515 TRACE com.example.temampp.repositoryes.EmployeeRepo 64 findOne - Enter find one 1
22 Mar 2023 12:57:12,756 TRACE com.example.temampp.repositoryes.EmployeeRepo 112 add - Enter add EmployeeAtOffice{id=2, name='djshfs', email='dsjh@yahoo.com', password='hffaf'}
22 Mar 2023 12:57:12,792 TRACE com.example.temampp.repositoryes.EmployeeRepo 127 add - Exit
22 Mar 2023 12:57:12,792 TRACE com.example.temampp.repositoryes.EmployeeRepo 87 findAll - Enter find all
22 Mar 2023 12:57:12,843 TRACE com.example.temampp.repositoryes.EmployeeRepo 106 findAll - Exit
22 Mar 2023 12:57:12,843 TRACE com.example.temampp.repositoryes.EmployeeRepo 133 delete - Enter delete 2
22 Mar 2023 12:57:12,881 TRACE com.example.temampp.repositoryes.EmployeeRepo 145 delete - Exit
22 Mar 2023 12:57:12,882 TRACE com.example.temampp.repositoryes.EmployeeRepo 64 findOne - Enter find one 2
22 Mar 2023 12:57:12,919 TRACE com.example.temampp.repositoryes.EmployeeRepo 81 findOne - Exit
22 Mar 2023 12:57:12,920 INFO  com.example.temampp.repositoryes.ArtistRepo 22 <init> - "Initializing ArtistRepo with properties: {} "
22 Mar 2023 12:57:12,921 TRACE com.example.temampp.repositoryes.ArtistRepo 73 add - Enter add Artist{name='sdsd', stageName='sjkdgfs', age=44}
22 Mar 2023 12:57:12,954 TRACE com.example.temampp.repositoryes.ArtistRepo 86 add - Exit
22 Mar 2023 12:57:12,954 TRACE com.example.temampp.repositoryes.ArtistRepo 50 findAll - Enter find all
22 Mar 2023 12:57:12,986 TRACE com.example.temampp.repositoryes.ArtistRepo 67 findAll - Exit
22 Mar 2023 12:57:12,987 TRACE com.example.temampp.repositoryes.ArtistRepo 92 delete - Enter delete sjkdgfs
22 Mar 2023 12:57:13,023 TRACE com.example.temampp.repositoryes.ArtistRepo 103 delete - Exit
22 Mar 2023 12:57:13,024 TRACE com.example.temampp.repositoryes.ArtistRepo 28 findOne - Enter find one sjkdgfs
22 Mar 2023 12:57:13,232 TRACE com.example.temampp.repositoryes.ArtistRepo 44 findOne - Exit
22 Mar 2023 12:57:13,237 INFO  com.example.temampp.repositoryes.ShowRepository 22 <init> - "Initializing ShowRepo with properties: {} "
22 Mar 2023 12:57:13,270 TRACE com.example.temampp.repositoryes.ShowRepository 102 add - Enter save Show{showName='sidug', artistName='sjkdgfs', date=2023-03-22, placeOfShow='jegef', noTicketsAvailable=341234, noTicketsSold=33}
22 Mar 2023 12:57:13,373 TRACE com.example.temampp.repositoryes.ShowRepository 118 add - Exit
22 Mar 2023 12:57:13,373 TRACE com.example.temampp.repositoryes.ShowRepository 75 findAll - Enter find all
22 Mar 2023 12:57:13,433 TRACE com.example.temampp.repositoryes.ShowRepository 96 findAll - Exit
22 Mar 2023 12:57:13,434 TRACE com.example.temampp.repositoryes.ShowRepository 124 delete - Enter delete sidug
22 Mar 2023 12:57:13,493 TRACE com.example.temampp.repositoryes.ShowRepository 135 delete - Exit
22 Mar 2023 12:57:13,493 TRACE com.example.temampp.repositoryes.ShowRepository 50 findOne - Enter find one sidug
22 Mar 2023 12:57:13,551 TRACE com.example.temampp.repositoryes.ShowRepository 69 findOne - Exit
22 Mar 2023 12:57:13,552 INFO  com.example.temampp.repositoryes.BuyerRepo 17 <init> - "Initializing BuyerRepo with properties: {} "
22 Mar 2023 12:57:13,553 TRACE com.example.temampp.repositoryes.BuyerRepo 23 sellTicketsToShow - Enter sell tickets sidug jfhguis 44
22 Mar 2023 12:57:13,609 TRACE com.example.temampp.repositoryes.BuyerRepo 36 sellTicketsToShow - Exit
23 Mar 2023 19:11:31,591 INFO  com.example.temampp.repositoryes.ArtistRepo 22 <init> - "Initializing ArtistRepo with properties: {} "
23 Mar 2023 19:11:31,593 INFO  com.example.temampp.repositoryes.BuyerRepo 17 <init> - "Initializing BuyerRepo with properties: {} "
23 Mar 2023 19:11:31,594 INFO  com.example.temampp.repositoryes.EmployeeRepo 23 <init> - "Initializing EmployeeRepo with properties: {} "
23 Mar 2023 19:11:31,594 INFO  com.example.temampp.repositoryes.ShowRepository 22 <init> - "Initializing ShowRepo with properties: {} "
23 Mar 2023 19:11:31,711 TRACE com.example.temampp.repositoryes.ShowRepository 75 findAll - Enter find all
23 Mar 2023 19:11:31,908 TRACE com.example.temampp.repositoryes.ShowRepository 96 findAll - Exit
23 Mar 2023 19:11:59,608 INFO  com.example.temampp.repositoryes.ArtistRepo 22 <init> - "Initializing ArtistRepo with properties: {} "
23 Mar 2023 19:11:59,610 INFO  com.example.temampp.repositoryes.BuyerRepo 17 <init> - "Initializing BuyerRepo with properties: {} "
23 Mar 2023 19:11:59,611 INFO  com.example.temampp.repositoryes.EmployeeRepo 23 <init> - "Initializing EmployeeRepo with properties: {} "
23 Mar 2023 19:11:59,612 INFO  com.example.temampp.repositoryes.ShowRepository 22 <init> - "Initializing ShowRepo with properties: {} "
23 Mar 2023 19:11:59,730 TRACE com.example.temampp.repositoryes.ShowRepository 75 findAll - Enter find all
23 Mar 2023 19:11:59,893 TRACE com.example.temampp.repositoryes.ShowRepository 96 findAll - Exit
23 Mar 2023 19:18:15,966 INFO  com.example.temampp.repositoryes.ArtistRepo 22 <init> - "Initializing ArtistRepo with properties: {} "
23 Mar 2023 19:18:15,968 INFO  com.example.temampp.repositoryes.BuyerRepo 17 <init> - "Initializing BuyerRepo with properties: {} "
23 Mar 2023 19:18:15,969 INFO  com.example.temampp.repositoryes.EmployeeRepo 23 <init> - "Initializing EmployeeRepo with properties: {} "
23 Mar 2023 19:18:15,970 INFO  com.example.temampp.repositoryes.ShowRepository 22 <init> - "Initializing ShowRepo with properties: {} "
23 Mar 2023 19:18:16,082 TRACE com.example.temampp.repositoryes.ShowRepository 75 findAll - Enter find all
23 Mar 2023 19:18:16,253 TRACE com.example.temampp.repositoryes.ShowRepository 96 findAll - Exit
23 Mar 2023 19:18:30,222 INFO  com.example.temampp.repositoryes.ArtistRepo 22 <init> - "Initializing ArtistRepo with properties: {} "
23 Mar 2023 19:18:30,224 INFO  com.example.temampp.repositoryes.BuyerRepo 17 <init> - "Initializing BuyerRepo with properties: {} "
23 Mar 2023 19:18:30,225 INFO  com.example.temampp.repositoryes.EmployeeRepo 23 <init> - "Initializing EmployeeRepo with properties: {} "
23 Mar 2023 19:18:30,226 INFO  com.example.temampp.repositoryes.ShowRepository 22 <init> - "Initializing ShowRepo with properties: {} "
23 Mar 2023 19:18:30,340 TRACE com.example.temampp.repositoryes.ShowRepository 75 findAll - Enter find all
23 Mar 2023 19:18:30,504 TRACE com.example.temampp.repositoryes.ShowRepository 96 findAll - Exit
23 Mar 2023 19:18:32,104 INFO  com.example.temampp.repositoryes.ArtistRepo 22 <init> - "Initializing ArtistRepo with properties: {} "
23 Mar 2023 19:18:32,104 INFO  com.example.temampp.repositoryes.BuyerRepo 17 <init> - "Initializing BuyerRepo with properties: {} "
23 Mar 2023 19:18:32,104 INFO  com.example.temampp.repositoryes.EmployeeRepo 23 <init> - "Initializing EmployeeRepo with properties: {} "
23 Mar 2023 19:18:32,104 INFO  com.example.temampp.repositoryes.ShowRepository 22 <init> - "Initializing ShowRepo with properties: {} "
23 Mar 2023 19:19:04,445 INFO  com.example.temampp.repositoryes.ArtistRepo 22 <init> - "Initializing ArtistRepo with properties: {} "
23 Mar 2023 19:19:04,447 INFO  com.example.temampp.repositoryes.BuyerRepo 17 <init> - "Initializing BuyerRepo with properties: {} "
23 Mar 2023 19:19:04,448 INFO  com.example.temampp.repositoryes.EmployeeRepo 23 <init> - "Initializing EmployeeRepo with properties: {} "
23 Mar 2023 19:19:04,449 INFO  com.example.temampp.repositoryes.ShowRepository 22 <init> - "Initializing ShowRepo with properties: {} "
23 Mar 2023 19:19:04,569 TRACE com.example.temampp.repositoryes.ShowRepository 75 findAll - Enter find all
23 Mar 2023 19:19:04,839 TRACE com.example.temampp.repositoryes.ShowRepository 96 findAll - Exit
23 Mar 2023 19:19:06,060 INFO  com.example.temampp.repositoryes.ArtistRepo 22 <init> - "Initializing ArtistRepo with properties: {} "
23 Mar 2023 19:19:06,060 INFO  com.example.temampp.repositoryes.BuyerRepo 17 <init> - "Initializing BuyerRepo with properties: {} "
23 Mar 2023 19:19:06,060 INFO  com.example.temampp.repositoryes.EmployeeRepo 23 <init> - "Initializing EmployeeRepo with properties: {} "
23 Mar 2023 19:19:06,061 INFO  com.example.temampp.repositoryes.ShowRepository 22 <init> - "Initializing ShowRepo with properties: {} "
23 Mar 2023 19:19:35,060 INFO  com.example.temampp.repositoryes.ArtistRepo 22 <init> - "Initializing ArtistRepo with properties: {} "
23 Mar 2023 19:19:35,062 INFO  com.example.temampp.repositoryes.BuyerRepo 17 <init> - "Initializing BuyerRepo with properties: {} "
23 Mar 2023 19:19:35,063 INFO  com.example.temampp.repositoryes.EmployeeRepo 23 <init> - "Initializing EmployeeRepo with properties: {} "
23 Mar 2023 19:19:35,064 INFO  com.example.temampp.repositoryes.ShowRepository 22 <init> - "Initializing ShowRepo with properties: {} "
23 Mar 2023 19:19:36,426 INFO  com.example.temampp.repositoryes.ArtistRepo 22 <init> - "Initializing ArtistRepo with properties: {} "
23 Mar 2023 19:19:36,426 INFO  com.example.temampp.repositoryes.BuyerRepo 17 <init> - "Initializing BuyerRepo with properties: {} "
23 Mar 2023 19:19:36,426 INFO  com.example.temampp.repositoryes.EmployeeRepo 23 <init> - "Initializing EmployeeRepo with properties: {} "
23 Mar 2023 19:19:36,427 INFO  com.example.temampp.repositoryes.ShowRepository 22 <init> - "Initializing ShowRepo with properties: {} "
23 Mar 2023 19:20:37,062 INFO  com.example.temampp.repositoryes.ArtistRepo 22 <init> - "Initializing ArtistRepo with properties: {} "
23 Mar 2023 19:20:37,064 INFO  com.example.temampp.repositoryes.BuyerRepo 17 <init> - "Initializing BuyerRepo with properties: {} "
23 Mar 2023 19:20:37,065 INFO  com.example.temampp.repositoryes.EmployeeRepo 23 <init> - "Initializing EmployeeRepo with properties: {} "
23 Mar 2023 19:20:37,066 INFO  com.example.temampp.repositoryes.ShowRepository 22 <init> - "Initializing ShowRepo with properties: {} "
23 Mar 2023 19:20:38,497 INFO  com.example.temampp.repositoryes.ArtistRepo 22 <init> - "Initializing ArtistRepo with properties: {} "
23 Mar 2023 19:20:38,497 INFO  com.example.temampp.repositoryes.BuyerRepo 17 <init> - "Initializing BuyerRepo with properties: {} "
23 Mar 2023 19:20:38,498 INFO  com.example.temampp.repositoryes.EmployeeRepo 23 <init> - "Initializing EmployeeRepo with properties: {} "
23 Mar 2023 19:20:38,498 INFO  com.example.temampp.repositoryes.ShowRepository 22 <init> - "Initializing ShowRepo with properties: {} "
23 Mar 2023 19:24:41,067 INFO  com.example.temampp.repositoryes.ArtistRepo 22 <init> - "Initializing ArtistRepo with properties: {} "
23 Mar 2023 19:24:41,069 INFO  com.example.temampp.repositoryes.BuyerRepo 17 <init> - "Initializing BuyerRepo with properties: {} "
23 Mar 2023 19:24:41,070 INFO  com.example.temampp.repositoryes.EmployeeRepo 23 <init> - "Initializing EmployeeRepo with properties: {} "
23 Mar 2023 19:24:41,070 INFO  com.example.temampp.repositoryes.ShowRepository 21 <init> - "Initializing ShowRepo with properties: {} "
23 Mar 2023 19:25:03,929 INFO  com.example.temampp.repositoryes.ShowRepository 21 <init> - "Initializing ShowRepo with properties: {} "
23 Mar 2023 19:25:03,940 TRACE com.example.temampp.repositoryes.ShowRepository 105 add - Enter save Show{showName='sidug', artistName='sjkdgfs', date=2023-03-23, placeOfShow='jegef', noTicketsAvailable=341234, noTicketsSold=33}
23 Mar 2023 19:25:04,105 TRACE com.example.temampp.repositoryes.ShowRepository 121 add - Exit
23 Mar 2023 19:25:04,143 INFO  com.example.temampp.repositoryes.ArtistRepo 22 <init> - "Initializing ArtistRepo with properties: {} "
23 Mar 2023 19:25:04,144 INFO  com.example.temampp.repositoryes.BuyerRepo 17 <init> - "Initializing BuyerRepo with properties: {} "
23 Mar 2023 19:25:04,145 INFO  com.example.temampp.repositoryes.EmployeeRepo 23 <init> - "Initializing EmployeeRepo with properties: {} "
23 Mar 2023 19:25:04,145 INFO  com.example.temampp.repositoryes.ShowRepository 21 <init> - "Initializing ShowRepo with properties: {} "
23 Mar 2023 19:25:19,888 INFO  com.example.temampp.repositoryes.ArtistRepo 22 <init> - "Initializing ArtistRepo with properties: {} "
23 Mar 2023 19:25:19,888 INFO  com.example.temampp.repositoryes.BuyerRepo 17 <init> - "Initializing BuyerRepo with properties: {} "
23 Mar 2023 19:25:19,889 INFO  com.example.temampp.repositoryes.EmployeeRepo 23 <init> - "Initializing EmployeeRepo with properties: {} "
23 Mar 2023 19:25:19,889 INFO  com.example.temampp.repositoryes.ShowRepository 21 <init> - "Initializing ShowRepo with properties: {} "
23 Mar 2023 19:25:23,757 TRACE com.example.temampp.repositoryes.ShowRepository 26 searchArtistByDate - Enter search 2023-03-23
23 Mar 2023 19:25:23,792 TRACE com.example.temampp.repositoryes.ShowRepository 47 searchArtistByDate - Exit
23 Mar 2023 19:25:25,538 TRACE com.example.temampp.repositoryes.ShowRepository 26 searchArtistByDate - Enter search 2023-03-23
23 Mar 2023 19:25:25,569 TRACE com.example.temampp.repositoryes.ShowRepository 47 searchArtistByDate - Exit
23 Mar 2023 19:33:22,463 INFO  com.example.temampp.repositoryes.ShowRepository 21 <init> - "Initializing ShowRepo with properties: {} "
23 Mar 2023 19:33:22,474 TRACE com.example.temampp.repositoryes.ShowRepository 105 add - Enter save Show{showName='sidug', artistName='sjkdgfs', date=2023-03-23, placeOfShow='jegef', noTicketsAvailable=341234, noTicketsSold=33}
23 Mar 2023 19:33:22,758 TRACE com.example.temampp.repositoryes.ShowRepository 121 add - Exit
23 Mar 2023 19:33:22,794 INFO  com.example.temampp.repositoryes.ArtistRepo 22 <init> - "Initializing ArtistRepo with properties: {} "
23 Mar 2023 19:33:22,795 INFO  com.example.temampp.repositoryes.BuyerRepo 17 <init> - "Initializing BuyerRepo with properties: {} "
23 Mar 2023 19:33:22,795 INFO  com.example.temampp.repositoryes.EmployeeRepo 23 <init> - "Initializing EmployeeRepo with properties: {} "
23 Mar 2023 19:33:22,796 INFO  com.example.temampp.repositoryes.ShowRepository 21 <init> - "Initializing ShowRepo with properties: {} "
23 Mar 2023 19:33:24,192 INFO  com.example.temampp.repositoryes.ArtistRepo 22 <init> - "Initializing ArtistRepo with properties: {} "
23 Mar 2023 19:33:24,192 INFO  com.example.temampp.repositoryes.BuyerRepo 17 <init> - "Initializing BuyerRepo with properties: {} "
23 Mar 2023 19:33:24,192 INFO  com.example.temampp.repositoryes.EmployeeRepo 23 <init> - "Initializing EmployeeRepo with properties: {} "
23 Mar 2023 19:33:24,192 INFO  com.example.temampp.repositoryes.ShowRepository 21 <init> - "Initializing ShowRepo with properties: {} "
23 Mar 2023 19:33:26,697 TRACE com.example.temampp.repositoryes.ShowRepository 26 searchArtistByDate - Enter search 2023-03-23
23 Mar 2023 19:33:26,739 TRACE com.example.temampp.repositoryes.ShowRepository 47 searchArtistByDate - Exit
23 Mar 2023 19:34:09,174 INFO  com.example.temampp.repositoryes.ArtistRepo 22 <init> - "Initializing ArtistRepo with properties: {} "
23 Mar 2023 19:34:09,176 INFO  com.example.temampp.repositoryes.BuyerRepo 17 <init> - "Initializing BuyerRepo with properties: {} "
23 Mar 2023 19:34:09,177 INFO  com.example.temampp.repositoryes.EmployeeRepo 23 <init> - "Initializing EmployeeRepo with properties: {} "
23 Mar 2023 19:34:09,178 INFO  com.example.temampp.repositoryes.ShowRepository 21 <init> - "Initializing ShowRepo with properties: {} "
23 Mar 2023 19:34:10,297 INFO  com.example.temampp.repositoryes.ArtistRepo 22 <init> - "Initializing ArtistRepo with properties: {} "
23 Mar 2023 19:34:10,297 INFO  com.example.temampp.repositoryes.BuyerRepo 17 <init> - "Initializing BuyerRepo with properties: {} "
23 Mar 2023 19:34:10,297 INFO  com.example.temampp.repositoryes.EmployeeRepo 23 <init> - "Initializing EmployeeRepo with properties: {} "
23 Mar 2023 19:34:10,298 INFO  com.example.temampp.repositoryes.ShowRepository 21 <init> - "Initializing ShowRepo with properties: {} "
23 Mar 2023 19:34:12,819 TRACE com.example.temampp.repositoryes.ShowRepository 26 searchArtistByDate - Enter search 2023-03-23
23 Mar 2023 19:34:12,978 TRACE com.example.temampp.repositoryes.ShowRepository 47 searchArtistByDate - Exit
23 Mar 2023 19:42:30,932 INFO  com.example.temampp.repositoryes.ArtistRepo 22 <init> - "Initializing ArtistRepo with properties: {} "
23 Mar 2023 19:42:30,934 INFO  com.example.temampp.repositoryes.BuyerRepo 17 <init> - "Initializing BuyerRepo with properties: {} "
23 Mar 2023 19:42:30,935 INFO  com.example.temampp.repositoryes.EmployeeRepo 23 <init> - "Initializing EmployeeRepo with properties: {} "
23 Mar 2023 19:42:30,936 INFO  com.example.temampp.repositoryes.ShowRepository 21 <init> - "Initializing ShowRepo with properties: {} "
23 Mar 2023 19:43:39,346 INFO  com.example.temampp.repositoryes.ArtistRepo 22 <init> - "Initializing ArtistRepo with properties: {} "
23 Mar 2023 19:43:39,349 INFO  com.example.temampp.repositoryes.BuyerRepo 17 <init> - "Initializing BuyerRepo with properties: {} "
23 Mar 2023 19:43:39,350 INFO  com.example.temampp.repositoryes.EmployeeRepo 23 <init> - "Initializing EmployeeRepo with properties: {} "
23 Mar 2023 19:43:39,350 INFO  com.example.temampp.repositoryes.ShowRepository 21 <init> - "Initializing ShowRepo with properties: {} "
23 Mar 2023 19:45:22,683 INFO  com.example.temampp.repositoryes.ArtistRepo 22 <init> - "Initializing ArtistRepo with properties: {} "
23 Mar 2023 19:45:22,685 INFO  com.example.temampp.repositoryes.BuyerRepo 17 <init> - "Initializing BuyerRepo with properties: {} "
23 Mar 2023 19:45:22,686 INFO  com.example.temampp.repositoryes.EmployeeRepo 23 <init> - "Initializing EmployeeRepo with properties: {} "
23 Mar 2023 19:45:22,687 INFO  com.example.temampp.repositoryes.ShowRepository 21 <init> - "Initializing ShowRepo with properties: {} "
23 Mar 2023 19:46:20,455 INFO  com.example.temampp.repositoryes.ArtistRepo 22 <init> - "Initializing ArtistRepo with properties: {} "
23 Mar 2023 19:46:20,457 INFO  com.example.temampp.repositoryes.BuyerRepo 17 <init> - "Initializing BuyerRepo with properties: {} "
23 Mar 2023 19:46:20,458 INFO  com.example.temampp.repositoryes.EmployeeRepo 23 <init> - "Initializing EmployeeRepo with properties: {} "
23 Mar 2023 19:46:20,459 INFO  com.example.temampp.repositoryes.ShowRepository 21 <init> - "Initializing ShowRepo with properties: {} "
23 Mar 2023 19:47:04,813 INFO  com.example.temampp.repositoryes.ArtistRepo 22 <init> - "Initializing ArtistRepo with properties: {} "
23 Mar 2023 19:47:04,816 INFO  com.example.temampp.repositoryes.BuyerRepo 17 <init> - "Initializing BuyerRepo with properties: {} "
23 Mar 2023 19:47:04,817 INFO  com.example.temampp.repositoryes.EmployeeRepo 23 <init> - "Initializing EmployeeRepo with properties: {} "
23 Mar 2023 19:47:04,817 INFO  com.example.temampp.repositoryes.ShowRepository 21 <init> - "Initializing ShowRepo with properties: {} "
23 Mar 2023 19:49:10,467 INFO  com.example.temampp.repositoryes.ArtistRepo 22 <init> - "Initializing ArtistRepo with properties: {} "
23 Mar 2023 19:49:10,469 INFO  com.example.temampp.repositoryes.BuyerRepo 17 <init> - "Initializing BuyerRepo with properties: {} "
23 Mar 2023 19:49:10,470 INFO  com.example.temampp.repositoryes.EmployeeRepo 23 <init> - "Initializing EmployeeRepo with properties: {} "
23 Mar 2023 19:49:10,471 INFO  com.example.temampp.repositoryes.ShowRepository 21 <init> - "Initializing ShowRepo with properties: {} "
23 Mar 2023 19:49:10,472 TRACE com.example.temampp.repositoryes.ShowRepository 78 findAll - Enter find all
23 Mar 2023 19:49:10,632 TRACE com.example.temampp.repositoryes.ShowRepository 99 findAll - Exit
23 Mar 2023 19:59:40,983 INFO  com.example.temampp.repositoryes.ArtistRepo 22 <init> - "Initializing ArtistRepo with properties: {} "
23 Mar 2023 19:59:40,985 INFO  com.example.temampp.repositoryes.BuyerRepo 17 <init> - "Initializing BuyerRepo with properties: {} "
23 Mar 2023 19:59:40,986 INFO  com.example.temampp.repositoryes.EmployeeRepo 23 <init> - "Initializing EmployeeRepo with properties: {} "
23 Mar 2023 19:59:40,986 INFO  com.example.temampp.repositoryes.ShowRepository 21 <init> - "Initializing ShowRepo with properties: {} "
23 Mar 2023 19:59:40,987 TRACE com.example.temampp.repositoryes.ShowRepository 78 findAll - Enter find all
23 Mar 2023 19:59:41,152 TRACE com.example.temampp.repositoryes.ShowRepository 99 findAll - Exit
23 Mar 2023 20:00:15,475 INFO  com.example.temampp.repositoryes.ArtistRepo 22 <init> - "Initializing ArtistRepo with properties: {} "
23 Mar 2023 20:00:15,478 INFO  com.example.temampp.repositoryes.BuyerRepo 17 <init> - "Initializing BuyerRepo with properties: {} "
23 Mar 2023 20:00:15,479 INFO  com.example.temampp.repositoryes.EmployeeRepo 23 <init> - "Initializing EmployeeRepo with properties: {} "
23 Mar 2023 20:00:15,479 INFO  com.example.temampp.repositoryes.ShowRepository 21 <init> - "Initializing ShowRepo with properties: {} "
23 Mar 2023 20:00:15,480 TRACE com.example.temampp.repositoryes.ShowRepository 78 findAll - Enter find all
23 Mar 2023 20:00:15,756 TRACE com.example.temampp.repositoryes.ShowRepository 99 findAll - Exit
23 Mar 2023 20:00:18,076 INFO  com.example.temampp.repositoryes.ArtistRepo 22 <init> - "Initializing ArtistRepo with properties: {} "
23 Mar 2023 20:00:18,076 INFO  com.example.temampp.repositoryes.BuyerRepo 17 <init> - "Initializing BuyerRepo with properties: {} "
23 Mar 2023 20:00:18,076 INFO  com.example.temampp.repositoryes.EmployeeRepo 23 <init> - "Initializing EmployeeRepo with properties: {} "
23 Mar 2023 20:00:18,077 INFO  com.example.temampp.repositoryes.ShowRepository 21 <init> - "Initializing ShowRepo with properties: {} "
23 Mar 2023 20:00:20,716 INFO  com.example.temampp.repositoryes.ArtistRepo 22 <init> - "Initializing ArtistRepo with properties: {} "
23 Mar 2023 20:00:20,717 INFO  com.example.temampp.repositoryes.BuyerRepo 17 <init> - "Initializing BuyerRepo with properties: {} "
23 Mar 2023 20:00:20,717 INFO  com.example.temampp.repositoryes.EmployeeRepo 23 <init> - "Initializing EmployeeRepo with properties: {} "
23 Mar 2023 20:00:20,717 INFO  com.example.temampp.repositoryes.ShowRepository 21 <init> - "Initializing ShowRepo with properties: {} "
23 Mar 2023 20:00:53,120 INFO  com.example.temampp.repositoryes.ArtistRepo 22 <init> - "Initializing ArtistRepo with properties: {} "
23 Mar 2023 20:00:53,122 INFO  com.example.temampp.repositoryes.BuyerRepo 17 <init> - "Initializing BuyerRepo with properties: {} "
23 Mar 2023 20:00:53,122 INFO  com.example.temampp.repositoryes.EmployeeRepo 23 <init> - "Initializing EmployeeRepo with properties: {} "
23 Mar 2023 20:00:53,123 INFO  com.example.temampp.repositoryes.ShowRepository 21 <init> - "Initializing ShowRepo with properties: {} "
23 Mar 2023 20:00:53,124 TRACE com.example.temampp.repositoryes.ShowRepository 78 findAll - Enter find all
23 Mar 2023 20:00:53,396 TRACE com.example.temampp.repositoryes.ShowRepository 99 findAll - Exit
23 Mar 2023 20:00:55,579 INFO  com.example.temampp.repositoryes.ArtistRepo 22 <init> - "Initializing ArtistRepo with properties: {} "
23 Mar 2023 20:00:55,579 INFO  com.example.temampp.repositoryes.BuyerRepo 17 <init> - "Initializing BuyerRepo with properties: {} "
23 Mar 2023 20:00:55,579 INFO  com.example.temampp.repositoryes.EmployeeRepo 23 <init> - "Initializing EmployeeRepo with properties: {} "
23 Mar 2023 20:00:55,579 INFO  com.example.temampp.repositoryes.ShowRepository 21 <init> - "Initializing ShowRepo with properties: {} "
23 Mar 2023 20:01:33,529 INFO  com.example.temampp.repositoryes.ArtistRepo 22 <init> - "Initializing ArtistRepo with properties: {} "
23 Mar 2023 20:01:33,531 INFO  com.example.temampp.repositoryes.BuyerRepo 17 <init> - "Initializing BuyerRepo with properties: {} "
23 Mar 2023 20:01:33,532 INFO  com.example.temampp.repositoryes.EmployeeRepo 23 <init> - "Initializing EmployeeRepo with properties: {} "
23 Mar 2023 20:01:33,533 INFO  com.example.temampp.repositoryes.ShowRepository 21 <init> - "Initializing ShowRepo with properties: {} "
23 Mar 2023 20:01:33,534 TRACE com.example.temampp.repositoryes.ShowRepository 78 findAll - Enter find all
23 Mar 2023 20:01:33,799 TRACE com.example.temampp.repositoryes.ShowRepository 99 findAll - Exit
23 Mar 2023 20:01:35,943 INFO  com.example.temampp.repositoryes.ArtistRepo 22 <init> - "Initializing ArtistRepo with properties: {} "
23 Mar 2023 20:01:35,943 INFO  com.example.temampp.repositoryes.BuyerRepo 17 <init> - "Initializing BuyerRepo with properties: {} "
23 Mar 2023 20:01:35,943 INFO  com.example.temampp.repositoryes.EmployeeRepo 23 <init> - "Initializing EmployeeRepo with properties: {} "
23 Mar 2023 20:01:35,944 INFO  com.example.temampp.repositoryes.ShowRepository 21 <init> - "Initializing ShowRepo with properties: {} "
23 Mar 2023 20:01:48,125 TRACE com.example.temampp.repositoryes.BuyerRepo 23 sellTicketsToShow - Enter sell tickets sidug Gigel 100
23 Mar 2023 20:01:48,155 TRACE com.example.temampp.repositoryes.BuyerRepo 36 sellTicketsToShow - Exit
23 Mar 2023 20:06:33,067 INFO  com.example.temampp.repositoryes.ArtistRepo 22 <init> - "Initializing ArtistRepo with properties: {} "
23 Mar 2023 20:06:33,069 INFO  com.example.temampp.repositoryes.BuyerRepo 17 <init> - "Initializing BuyerRepo with properties: {} "
23 Mar 2023 20:06:33,070 INFO  com.example.temampp.repositoryes.EmployeeRepo 23 <init> - "Initializing EmployeeRepo with properties: {} "
23 Mar 2023 20:06:33,071 INFO  com.example.temampp.repositoryes.ShowRepository 21 <init> - "Initializing ShowRepo with properties: {} "
23 Mar 2023 20:06:33,072 TRACE com.example.temampp.repositoryes.ShowRepository 78 findAll - Enter find all
23 Mar 2023 20:06:33,346 TRACE com.example.temampp.repositoryes.ShowRepository 99 findAll - Exit
23 Mar 2023 20:06:35,138 INFO  com.example.temampp.repositoryes.ArtistRepo 22 <init> - "Initializing ArtistRepo with properties: {} "
23 Mar 2023 20:06:35,138 INFO  com.example.temampp.repositoryes.BuyerRepo 17 <init> - "Initializing BuyerRepo with properties: {} "
23 Mar 2023 20:06:35,138 INFO  com.example.temampp.repositoryes.EmployeeRepo 23 <init> - "Initializing EmployeeRepo with properties: {} "
23 Mar 2023 20:06:35,138 INFO  com.example.temampp.repositoryes.ShowRepository 21 <init> - "Initializing ShowRepo with properties: {} "
23 Mar 2023 20:06:38,213 TRACE com.example.temampp.repositoryes.ShowRepository 26 searchArtistByDate - Enter search 2023-03-23
23 Mar 2023 20:06:38,252 TRACE com.example.temampp.repositoryes.ShowRepository 47 searchArtistByDate - Exit
23 Mar 2023 20:06:39,501 INFO  com.example.temampp.repositoryes.ArtistRepo 22 <init> - "Initializing ArtistRepo with properties: {} "
23 Mar 2023 20:06:39,501 INFO  com.example.temampp.repositoryes.BuyerRepo 17 <init> - "Initializing BuyerRepo with properties: {} "
23 Mar 2023 20:06:39,502 INFO  com.example.temampp.repositoryes.EmployeeRepo 23 <init> - "Initializing EmployeeRepo with properties: {} "
23 Mar 2023 20:06:39,502 INFO  com.example.temampp.repositoryes.ShowRepository 21 <init> - "Initializing ShowRepo with properties: {} "
23 Mar 2023 20:06:45,241 TRACE com.example.temampp.repositoryes.ShowRepository 53 findOne - Enter find one sidug
23 Mar 2023 20:06:45,390 TRACE com.example.temampp.repositoryes.ShowRepository 144 update - Enter update Show{showName='sidug', artistName='sjkdgfs', date=2023-03-23, placeOfShow='jegef', noTicketsAvailable=341231, noTicketsSold=36}
23 Mar 2023 20:06:45,421 TRACE com.example.temampp.repositoryes.ShowRepository 160 update - Exit
23 Mar 2023 20:06:45,421 TRACE com.example.temampp.repositoryes.BuyerRepo 23 sellTicketsToShow - Enter sell tickets sidug mika 3
23 Mar 2023 20:06:45,448 TRACE com.example.temampp.repositoryes.BuyerRepo 36 sellTicketsToShow - Exit
23 Mar 2023 20:06:52,092 INFO  com.example.temampp.repositoryes.ArtistRepo 22 <init> - "Initializing ArtistRepo with properties: {} "
23 Mar 2023 20:06:52,094 INFO  com.example.temampp.repositoryes.BuyerRepo 17 <init> - "Initializing BuyerRepo with properties: {} "
23 Mar 2023 20:06:52,095 INFO  com.example.temampp.repositoryes.EmployeeRepo 23 <init> - "Initializing EmployeeRepo with properties: {} "
23 Mar 2023 20:06:52,096 INFO  com.example.temampp.repositoryes.ShowRepository 21 <init> - "Initializing ShowRepo with properties: {} "
23 Mar 2023 20:06:52,097 TRACE com.example.temampp.repositoryes.ShowRepository 78 findAll - Enter find all
23 Mar 2023 20:06:52,260 TRACE com.example.temampp.repositoryes.ShowRepository 99 findAll - Exit
23 Mar 2023 20:16:03,964 INFO  com.example.temampp.repositoryes.ArtistRepo 22 <init> - "Initializing ArtistRepo with properties: {} "
23 Mar 2023 20:16:03,966 INFO  com.example.temampp.repositoryes.BuyerRepo 17 <init> - "Initializing BuyerRepo with properties: {} "
23 Mar 2023 20:16:03,967 INFO  com.example.temampp.repositoryes.EmployeeRepo 23 <init> - "Initializing EmployeeRepo with properties: {} "
23 Mar 2023 20:16:03,967 INFO  com.example.temampp.repositoryes.ShowRepository 21 <init> - "Initializing ShowRepo with properties: {} "
23 Mar 2023 20:16:21,887 TRACE com.example.temampp.repositoryes.EmployeeRepo 28 logIn - Enter log in
23 Mar 2023 20:16:21,888 TRACE com.example.temampp.repositoryes.EmployeeRepo 29 logIn - Exit
23 Mar 2023 20:16:21,888 TRACE com.example.temampp.repositoryes.EmployeeRepo 41 findOneByEmailAndPassword - Enter find one by email and password gigel@yahoo.com 1234
23 Mar 2023 20:16:22,053 TRACE com.example.temampp.repositoryes.EmployeeRepo 41 findOneByEmailAndPassword - Enter find one by email and password gigel@yahoo.com 1234
23 Mar 2023 20:16:22,108 INFO  com.example.temampp.repositoryes.ArtistRepo 22 <init> - "Initializing ArtistRepo with properties: {} "
23 Mar 2023 20:16:22,109 INFO  com.example.temampp.repositoryes.BuyerRepo 17 <init> - "Initializing BuyerRepo with properties: {} "
23 Mar 2023 20:16:22,109 INFO  com.example.temampp.repositoryes.EmployeeRepo 23 <init> - "Initializing EmployeeRepo with properties: {} "
23 Mar 2023 20:16:22,109 INFO  com.example.temampp.repositoryes.ShowRepository 21 <init> - "Initializing ShowRepo with properties: {} "
23 Mar 2023 20:16:22,109 TRACE com.example.temampp.repositoryes.ShowRepository 78 findAll - Enter find all
23 Mar 2023 20:16:22,245 TRACE com.example.temampp.repositoryes.ShowRepository 99 findAll - Exit
23 Mar 2023 20:16:26,646 INFO  com.example.temampp.repositoryes.ArtistRepo 22 <init> - "Initializing ArtistRepo with properties: {} "
23 Mar 2023 20:16:26,646 INFO  com.example.temampp.repositoryes.BuyerRepo 17 <init> - "Initializing BuyerRepo with properties: {} "
23 Mar 2023 20:16:26,647 INFO  com.example.temampp.repositoryes.EmployeeRepo 23 <init> - "Initializing EmployeeRepo with properties: {} "
23 Mar 2023 20:16:26,647 INFO  com.example.temampp.repositoryes.ShowRepository 21 <init> - "Initializing ShowRepo with properties: {} "
23 Mar 2023 20:16:29,586 TRACE com.example.temampp.repositoryes.ShowRepository 26 searchArtistByDate - Enter search 2023-03-23
23 Mar 2023 20:16:29,615 TRACE com.example.temampp.repositoryes.ShowRepository 47 searchArtistByDate - Exit
23 Mar 2023 20:16:42,393 INFO  com.example.temampp.repositoryes.ArtistRepo 22 <init> - "Initializing ArtistRepo with properties: {} "
23 Mar 2023 20:16:42,393 INFO  com.example.temampp.repositoryes.BuyerRepo 17 <init> - "Initializing BuyerRepo with properties: {} "
23 Mar 2023 20:16:42,393 INFO  com.example.temampp.repositoryes.EmployeeRepo 23 <init> - "Initializing EmployeeRepo with properties: {} "
23 Mar 2023 20:16:42,394 INFO  com.example.temampp.repositoryes.ShowRepository 21 <init> - "Initializing ShowRepo with properties: {} "
23 Mar 2023 20:16:47,378 TRACE com.example.temampp.repositoryes.ShowRepository 53 findOne - Enter find one sidug
23 Mar 2023 20:16:47,411 TRACE com.example.temampp.repositoryes.ShowRepository 144 update - Enter update Show{showName='sidug', artistName='sjkdgfs', date=2023-03-23, placeOfShow='jegef', noTicketsAvailable=341226, noTicketsSold=41}
23 Mar 2023 20:16:47,440 TRACE com.example.temampp.repositoryes.ShowRepository 160 update - Exit
23 Mar 2023 20:16:47,441 TRACE com.example.temampp.repositoryes.BuyerRepo 23 sellTicketsToShow - Enter sell tickets sidug marica 5
23 Mar 2023 20:16:47,471 TRACE com.example.temampp.repositoryes.BuyerRepo 36 sellTicketsToShow - Exit
23 Mar 2023 20:26:06,542 INFO  com.example.temampp.repositoryes.ArtistRepo 22 <init> - "Initializing ArtistRepo with properties: {} "
23 Mar 2023 20:26:06,543 INFO  com.example.temampp.repositoryes.BuyerRepo 17 <init> - "Initializing BuyerRepo with properties: {} "
23 Mar 2023 20:26:06,544 INFO  com.example.temampp.repositoryes.EmployeeRepo 23 <init> - "Initializing EmployeeRepo with properties: {} "
23 Mar 2023 20:26:06,545 INFO  com.example.temampp.repositoryes.ShowRepository 21 <init> - "Initializing ShowRepo with properties: {} "
23 Mar 2023 20:26:24,559 TRACE com.example.temampp.repositoryes.EmployeeRepo 28 logIn - Enter log in
23 Mar 2023 20:26:24,560 TRACE com.example.temampp.repositoryes.EmployeeRepo 29 logIn - Exit
23 Mar 2023 20:26:24,560 TRACE com.example.temampp.repositoryes.EmployeeRepo 41 findOneByEmailAndPassword - Enter find one by email and password gigel@yahoo.com 1234
23 Mar 2023 20:26:24,726 TRACE com.example.temampp.repositoryes.EmployeeRepo 41 findOneByEmailAndPassword - Enter find one by email and password gigel@yahoo.com 1234
23 Mar 2023 20:30:42,886 INFO  com.example.temampp.repositoryes.ArtistRepo 22 <init> - "Initializing ArtistRepo with properties: {} "
23 Mar 2023 20:30:42,888 INFO  com.example.temampp.repositoryes.BuyerRepo 17 <init> - "Initializing BuyerRepo with properties: {} "
23 Mar 2023 20:30:42,889 INFO  com.example.temampp.repositoryes.EmployeeRepo 23 <init> - "Initializing EmployeeRepo with properties: {} "
23 Mar 2023 20:30:42,890 INFO  com.example.temampp.repositoryes.ShowRepository 21 <init> - "Initializing ShowRepo with properties: {} "
23 Mar 2023 20:30:50,480 TRACE com.example.temampp.repositoryes.EmployeeRepo 28 logIn - Enter log in
23 Mar 2023 20:30:50,481 TRACE com.example.temampp.repositoryes.EmployeeRepo 29 logIn - Exit
23 Mar 2023 20:30:50,481 TRACE com.example.temampp.repositoryes.EmployeeRepo 41 findOneByEmailAndPassword - Enter find one by email and password gigel@yahoo.com 1234
23 Mar 2023 20:30:50,647 TRACE com.example.temampp.repositoryes.EmployeeRepo 41 findOneByEmailAndPassword - Enter find one by email and password gigel@yahoo.com 1234
23 Mar 2023 20:30:50,708 INFO  com.example.temampp.repositoryes.ArtistRepo 22 <init> - "Initializing ArtistRepo with properties: {} "
23 Mar 2023 20:30:50,708 INFO  com.example.temampp.repositoryes.BuyerRepo 17 <init> - "Initializing BuyerRepo with properties: {} "
23 Mar 2023 20:30:50,708 INFO  com.example.temampp.repositoryes.EmployeeRepo 23 <init> - "Initializing EmployeeRepo with properties: {} "
23 Mar 2023 20:30:50,709 INFO  com.example.temampp.repositoryes.ShowRepository 21 <init> - "Initializing ShowRepo with properties: {} "
23 Mar 2023 20:30:50,709 TRACE com.example.temampp.repositoryes.ShowRepository 78 findAll - Enter find all
23 Mar 2023 20:30:50,852 TRACE com.example.temampp.repositoryes.ShowRepository 99 findAll - Exit
23 Mar 2023 20:34:46,015 INFO  com.example.temampp.repositoryes.ArtistRepo 22 <init> - "Initializing ArtistRepo with properties: {} "
23 Mar 2023 20:34:46,017 INFO  com.example.temampp.repositoryes.BuyerRepo 17 <init> - "Initializing BuyerRepo with properties: {} "
23 Mar 2023 20:34:46,018 INFO  com.example.temampp.repositoryes.EmployeeRepo 23 <init> - "Initializing EmployeeRepo with properties: {} "
23 Mar 2023 20:34:46,019 INFO  com.example.temampp.repositoryes.ShowRepository 21 <init> - "Initializing ShowRepo with properties: {} "
23 Mar 2023 20:34:53,773 TRACE com.example.temampp.repositoryes.EmployeeRepo 28 logIn - Enter log in
23 Mar 2023 20:34:53,773 TRACE com.example.temampp.repositoryes.EmployeeRepo 29 logIn - Exit
23 Mar 2023 20:34:53,773 TRACE com.example.temampp.repositoryes.EmployeeRepo 41 findOneByEmailAndPassword - Enter find one by email and password gigel@yahoo.com 1234
23 Mar 2023 20:34:53,940 TRACE com.example.temampp.repositoryes.EmployeeRepo 41 findOneByEmailAndPassword - Enter find one by email and password gigel@yahoo.com 1234
23 Mar 2023 20:34:53,998 INFO  com.example.temampp.repositoryes.ArtistRepo 22 <init> - "Initializing ArtistRepo with properties: {} "
23 Mar 2023 20:34:53,998 INFO  com.example.temampp.repositoryes.BuyerRepo 17 <init> - "Initializing BuyerRepo with properties: {} "
23 Mar 2023 20:34:53,999 INFO  com.example.temampp.repositoryes.EmployeeRepo 23 <init> - "Initializing EmployeeRepo with properties: {} "
23 Mar 2023 20:34:53,999 INFO  com.example.temampp.repositoryes.ShowRepository 21 <init> - "Initializing ShowRepo with properties: {} "
23 Mar 2023 20:34:53,999 TRACE com.example.temampp.repositoryes.ShowRepository 78 findAll - Enter find all
23 Mar 2023 20:34:54,029 TRACE com.example.temampp.repositoryes.ShowRepository 99 findAll - Exit
23 Mar 2023 20:34:55,407 INFO  com.example.temampp.repositoryes.ArtistRepo 22 <init> - "Initializing ArtistRepo with properties: {} "
23 Mar 2023 20:34:55,407 INFO  com.example.temampp.repositoryes.BuyerRepo 17 <init> - "Initializing BuyerRepo with properties: {} "
23 Mar 2023 20:34:55,408 INFO  com.example.temampp.repositoryes.EmployeeRepo 23 <init> - "Initializing EmployeeRepo with properties: {} "
23 Mar 2023 20:34:55,408 INFO  com.example.temampp.repositoryes.ShowRepository 21 <init> - "Initializing ShowRepo with properties: {} "
23 Mar 2023 20:34:56,739 INFO  com.example.temampp.repositoryes.ArtistRepo 22 <init> - "Initializing ArtistRepo with properties: {} "
23 Mar 2023 20:34:56,739 INFO  com.example.temampp.repositoryes.BuyerRepo 17 <init> - "Initializing BuyerRepo with properties: {} "
23 Mar 2023 20:34:56,739 INFO  com.example.temampp.repositoryes.EmployeeRepo 23 <init> - "Initializing EmployeeRepo with properties: {} "
23 Mar 2023 20:34:56,739 INFO  com.example.temampp.repositoryes.ShowRepository 21 <init> - "Initializing ShowRepo with properties: {} "
23 Mar 2023 20:34:56,739 TRACE com.example.temampp.repositoryes.ShowRepository 78 findAll - Enter find all
23 Mar 2023 20:34:56,878 TRACE com.example.temampp.repositoryes.ShowRepository 99 findAll - Exit
23 Mar 2023 20:34:57,959 INFO  com.example.temampp.repositoryes.ArtistRepo 22 <init> - "Initializing ArtistRepo with properties: {} "
23 Mar 2023 20:34:57,959 INFO  com.example.temampp.repositoryes.BuyerRepo 17 <init> - "Initializing BuyerRepo with properties: {} "
23 Mar 2023 20:34:57,959 INFO  com.example.temampp.repositoryes.EmployeeRepo 23 <init> - "Initializing EmployeeRepo with properties: {} "
23 Mar 2023 20:34:57,959 INFO  com.example.temampp.repositoryes.ShowRepository 21 <init> - "Initializing ShowRepo with properties: {} "
23 Mar 2023 20:35:10,098 INFO  com.example.temampp.repositoryes.ArtistRepo 22 <init> - "Initializing ArtistRepo with properties: {} "
23 Mar 2023 20:35:10,100 INFO  com.example.temampp.repositoryes.BuyerRepo 17 <init> - "Initializing BuyerRepo with properties: {} "
23 Mar 2023 20:35:10,101 INFO  com.example.temampp.repositoryes.EmployeeRepo 23 <init> - "Initializing EmployeeRepo with properties: {} "
23 Mar 2023 20:35:10,101 INFO  com.example.temampp.repositoryes.ShowRepository 21 <init> - "Initializing ShowRepo with properties: {} "
23 Mar 2023 20:35:19,669 TRACE com.example.temampp.repositoryes.EmployeeRepo 28 logIn - Enter log in
23 Mar 2023 20:35:19,669 TRACE com.example.temampp.repositoryes.EmployeeRepo 29 logIn - Exit
23 Mar 2023 20:35:19,670 TRACE com.example.temampp.repositoryes.EmployeeRepo 41 findOneByEmailAndPassword - Enter find one by email and password gigel@yahoo.com 1234
23 Mar 2023 20:35:19,837 TRACE com.example.temampp.repositoryes.EmployeeRepo 41 findOneByEmailAndPassword - Enter find one by email and password gigel@yahoo.com 1234
23 Mar 2023 20:35:19,893 INFO  com.example.temampp.repositoryes.ArtistRepo 22 <init> - "Initializing ArtistRepo with properties: {} "
23 Mar 2023 20:35:19,893 INFO  com.example.temampp.repositoryes.BuyerRepo 17 <init> - "Initializing BuyerRepo with properties: {} "
23 Mar 2023 20:35:19,894 INFO  com.example.temampp.repositoryes.EmployeeRepo 23 <init> - "Initializing EmployeeRepo with properties: {} "
23 Mar 2023 20:35:19,894 INFO  com.example.temampp.repositoryes.ShowRepository 21 <init> - "Initializing ShowRepo with properties: {} "
23 Mar 2023 20:35:19,894 TRACE com.example.temampp.repositoryes.ShowRepository 78 findAll - Enter find all
23 Mar 2023 20:35:19,922 TRACE com.example.temampp.repositoryes.ShowRepository 99 findAll - Exit
23 Mar 2023 20:35:21,277 INFO  com.example.temampp.repositoryes.ArtistRepo 22 <init> - "Initializing ArtistRepo with properties: {} "
23 Mar 2023 20:35:21,278 INFO  com.example.temampp.repositoryes.BuyerRepo 17 <init> - "Initializing BuyerRepo with properties: {} "
23 Mar 2023 20:35:21,278 INFO  com.example.temampp.repositoryes.EmployeeRepo 23 <init> - "Initializing EmployeeRepo with properties: {} "
23 Mar 2023 20:35:21,278 INFO  com.example.temampp.repositoryes.ShowRepository 21 <init> - "Initializing ShowRepo with properties: {} "
23 Mar 2023 20:35:22,261 INFO  com.example.temampp.repositoryes.ArtistRepo 22 <init> - "Initializing ArtistRepo with properties: {} "
23 Mar 2023 20:35:22,261 INFO  com.example.temampp.repositoryes.BuyerRepo 17 <init> - "Initializing BuyerRepo with properties: {} "
23 Mar 2023 20:35:22,261 INFO  com.example.temampp.repositoryes.EmployeeRepo 23 <init> - "Initializing EmployeeRepo with properties: {} "
23 Mar 2023 20:35:22,261 INFO  com.example.temampp.repositoryes.ShowRepository 21 <init> - "Initializing ShowRepo with properties: {} "
23 Mar 2023 20:35:22,262 TRACE com.example.temampp.repositoryes.ShowRepository 78 findAll - Enter find all
23 Mar 2023 20:35:22,293 TRACE com.example.temampp.repositoryes.ShowRepository 99 findAll - Exit
23 Mar 2023 20:37:28,805 INFO  com.example.temampp.repositoryes.ArtistRepo 22 <init> - "Initializing ArtistRepo with properties: {} "
23 Mar 2023 20:37:28,807 INFO  com.example.temampp.repositoryes.BuyerRepo 17 <init> - "Initializing BuyerRepo with properties: {} "
23 Mar 2023 20:37:28,808 INFO  com.example.temampp.repositoryes.EmployeeRepo 23 <init> - "Initializing EmployeeRepo with properties: {} "
23 Mar 2023 20:37:28,809 INFO  com.example.temampp.repositoryes.ShowRepository 21 <init> - "Initializing ShowRepo with properties: {} "
23 Mar 2023 20:37:37,012 TRACE com.example.temampp.repositoryes.EmployeeRepo 28 logIn - Enter log in
23 Mar 2023 20:37:37,012 TRACE com.example.temampp.repositoryes.EmployeeRepo 29 logIn - Exit
23 Mar 2023 20:37:37,012 TRACE com.example.temampp.repositoryes.EmployeeRepo 41 findOneByEmailAndPassword - Enter find one by email and password gigel@yahoo.com 1234
23 Mar 2023 20:37:37,181 TRACE com.example.temampp.repositoryes.EmployeeRepo 41 findOneByEmailAndPassword - Enter find one by email and password gigel@yahoo.com 1234
23 Mar 2023 20:37:37,241 INFO  com.example.temampp.repositoryes.ArtistRepo 22 <init> - "Initializing ArtistRepo with properties: {} "
23 Mar 2023 20:37:37,241 INFO  com.example.temampp.repositoryes.BuyerRepo 17 <init> - "Initializing BuyerRepo with properties: {} "
23 Mar 2023 20:37:37,242 INFO  com.example.temampp.repositoryes.EmployeeRepo 23 <init> - "Initializing EmployeeRepo with properties: {} "
23 Mar 2023 20:37:37,242 INFO  com.example.temampp.repositoryes.ShowRepository 21 <init> - "Initializing ShowRepo with properties: {} "
23 Mar 2023 20:37:37,242 TRACE com.example.temampp.repositoryes.ShowRepository 78 findAll - Enter find all
23 Mar 2023 20:37:37,273 TRACE com.example.temampp.repositoryes.ShowRepository 99 findAll - Exit
23 Mar 2023 20:37:38,327 INFO  com.example.temampp.repositoryes.ArtistRepo 22 <init> - "Initializing ArtistRepo with properties: {} "
23 Mar 2023 20:37:38,327 INFO  com.example.temampp.repositoryes.BuyerRepo 17 <init> - "Initializing BuyerRepo with properties: {} "
23 Mar 2023 20:37:38,328 INFO  com.example.temampp.repositoryes.EmployeeRepo 23 <init> - "Initializing EmployeeRepo with properties: {} "
23 Mar 2023 20:37:38,328 INFO  com.example.temampp.repositoryes.ShowRepository 21 <init> - "Initializing ShowRepo with properties: {} "
