[2022-03-21 17:11:40] [info] Start Program:
Path:"C:\Users\vladb\source\repos\lab2-3\x64\Debug\lab2-3.exe"
Arguments:
Working directory: "C:\Users\vladb\source\repos\lab2-3\lab2-3\"
Modules: Selected: C:\Users\vladb\source\repos\lab2-3\x64\Debug\lab2-3.exe Excluded: 
Sources: Selected: C:\Users\vladb\source\repos\lab2-3\lab2-3 Excluded: 
Log Level: Normal
Cover Children: 0
Aggregate by file: 1
Continue after C++ exception: 0
Optimized build support: 0
Export: Binary C:\Users\vladb\AppData\Local\Temp\1u44rjv4.egq 
Input coverage: 
Unified diff: 
Excluded line regular expressions: 
Substitute pdb source paths: 

[2022-03-21 17:11:40] [info] Module: C:\Users\vladb\source\repos\lab2-3\x64\Debug\lab2-3.exe is selected because it matches selected pattern: C:\Users\vladb\source\repos\lab2-3\x64\Debug\lab2-3.exe
[2022-03-21 17:11:42] [info] ----------------------------------------------------
[2022-03-21 17:11:42] [info] Coverage binary generated in file: C:\Users\vladb\AppData\Local\Temp\1u44rjv4.egq
[2022-03-21 17:11:42] [info] ----------------------------------------------------
